0 info it worked if it ends with ok
1 verbose cli [ '/Users/naruki/.nvm/v0.10.48/bin/node',
1 verbose cli   '/Users/naruki/.nvm/v0.10.48/bin/npm',
1 verbose cli   'run',
1 verbose cli   'dev' ]
2 info using npm@2.15.1
3 info using node@v0.10.48
4 verbose run-script [ 'predev', 'dev', 'postdev' ]
5 info predev melonjs-es6-boilerplate@1.0.0
6 info dev melonjs-es6-boilerplate@1.0.0
7 verbose unsafe-perm in lifecycle true
8 info melonjs-es6-boilerplate@1.0.0 Failed to exec dev script
9 verbose stack Error: melonjs-es6-boilerplate@1.0.0 dev: `webpack-dev-server --mode=development --config webpack.config.js`
9 verbose stack spawn ENOENT
9 verbose stack     at ChildProcess.<anonymous> (/Users/naruki/.nvm/v0.10.48/lib/node_modules/npm/lib/utils/spawn.js:17:16)
9 verbose stack     at ChildProcess.emit (events.js:98:17)
9 verbose stack     at maybeClose (child_process.js:766:16)
9 verbose stack     at Process.ChildProcess._handle.onexit (child_process.js:833:5)
10 verbose pkgid melonjs-es6-boilerplate@1.0.0
11 verbose cwd /Users/naruki/Dropbox/Projects/澤田様/2022_0122
12 error Darwin 21.1.0
13 error argv "/Users/naruki/.nvm/v0.10.48/bin/node" "/Users/naruki/.nvm/v0.10.48/bin/npm" "run" "dev"
14 error node v0.10.48
15 error npm  v2.15.1
16 error file sh
17 error code ELIFECYCLE
18 error errno ENOENT
19 error syscall spawn
20 error melonjs-es6-boilerplate@1.0.0 dev: `webpack-dev-server --mode=development --config webpack.config.js`
20 error spawn ENOENT
21 error Failed at the melonjs-es6-boilerplate@1.0.0 dev script 'webpack-dev-server --mode=development --config webpack.config.js'.
21 error This is most likely a problem with the melonjs-es6-boilerplate package,
21 error not with npm itself.
21 error Tell the author that this fails on your system:
21 error     webpack-dev-server --mode=development --config webpack.config.js
21 error You can get information on how to open an issue for this project with:
21 error     npm bugs melonjs-es6-boilerplate
21 error Or if that isn't available, you can get their info via:
21 error
21 error     npm owner ls melonjs-es6-boilerplate
21 error There is likely additional logging output above.
22 verbose exit [ 1, true ]
